<?xml version="1.0" encoding="UTF-8"?>
<!-- Generated by org.testng.reporters.JUnitXMLReporter -->
<testsuite ignored="0" hostname="DESKTOP-6VE4VI3" failures="0" tests="1" name="Test" time="0.09" errors="0" timestamp="2020-07-28T13:19:20 IST">
  <testcase classname="com.myprojec.pages.BaseClass" name="@BeforeClass setup" time="-1.595922560262E9">
    <failure type="org.testng.TestNGException" message="
Parameter &amp;apos;Browser&amp;apos; is required by BeforeClass on method setup but has not been marked @Optional or defined
in C:\Users\Sathish\git\Framwork\FrameWorkforMyproject\testng.xml">
      <![CDATA[org.testng.TestNGException: 
Parameter 'Browser' is required by BeforeClass on method setup but has not been marked @Optional or defined
in C:\Users\Sathish\git\Framwork\FrameWorkforMyproject\testng.xml
at java.base/java.util.ArrayList.forEach(ArrayList.java:1511)
... Removed 22 stack frames]]>
    </failure>
  </testcase> <!-- @BeforeClass setup -->
  <testcase classname="com.myprojec.pages.BaseClass" name="@AfterMethod teardownmethod" time="-1.595922560315E9">
    <skipped/>
  </testcase> <!-- @AfterMethod teardownmethod -->
  <testcase classname="com.myprojec.pages.BaseClass" name="@AfterClass tearDown" time="-1.595922560324E9">
    <skipped/>
  </testcase> <!-- @AfterClass tearDown -->
  <testcase classname="com.myprojec.testcases.LoginTestQualityPoint" name="LoginApplication" time="0.0">
    <skipped/>
  </testcase> <!-- LoginApplication -->
</testsuite> <!-- Test -->
